<?xml version="1.0" encoding="UTF-8"?>
<testsuite xmlns:xsi="http://www.w3.org/2001/XMLSchema-instance" xsi:noNamespaceSchemaLocation="https://maven.apache.org/surefire/maven-surefire-plugin/xsd/surefire-test-report.xsd" name="it.polimi.ingsw.controller.ComputerPlayerControllerTest" time="0.062" tests="50" errors="0" skipped="0" failures="0">
  <properties>
    <property name="java.specification.version" value="15"/>
    <property name="sun.jnu.encoding" value="UTF-8"/>
    <property name="java.class.path" value="/home/daemonex/Desktop/ing-sw-2021-Regge-Rossi-Rovelli/target/test-classes:/home/daemonex/Desktop/ing-sw-2021-Regge-Rossi-Rovelli/target/classes:/home/daemonex/.m2/repository/org/openjfx/javafx-controls/15.0.1/javafx-controls-15.0.1.jar:/home/daemonex/.m2/repository/org/openjfx/javafx-controls/15.0.1/javafx-controls-15.0.1-linux.jar:/home/daemonex/.m2/repository/org/openjfx/javafx-graphics/15.0.1/javafx-graphics-15.0.1.jar:/home/daemonex/.m2/repository/org/openjfx/javafx-graphics/15.0.1/javafx-graphics-15.0.1-linux.jar:/home/daemonex/.m2/repository/org/openjfx/javafx-base/15.0.1/javafx-base-15.0.1.jar:/home/daemonex/.m2/repository/org/openjfx/javafx-base/15.0.1/javafx-base-15.0.1-linux.jar:/home/daemonex/.m2/repository/org/openjfx/javafx-graphics/15.0.1/javafx-graphics-15.0.1-win.jar:/home/daemonex/.m2/repository/org/openjfx/javafx-graphics/15.0.1/javafx-graphics-15.0.1-mac.jar:/home/daemonex/.m2/repository/org/openjfx/javafx-fxml/15.0.1/javafx-fxml-15.0.1.jar:/home/daemonex/.m2/repository/org/openjfx/javafx-fxml/15.0.1/javafx-fxml-15.0.1-linux.jar:/home/daemonex/.m2/repository/com/google/code/gson/gson/2.8.6/gson-2.8.6.jar:/home/daemonex/.m2/repository/org/junit/jupiter/junit-jupiter-api/5.7.1/junit-jupiter-api-5.7.1.jar:/home/daemonex/.m2/repository/org/apiguardian/apiguardian-api/1.1.0/apiguardian-api-1.1.0.jar:/home/daemonex/.m2/repository/org/opentest4j/opentest4j/1.2.0/opentest4j-1.2.0.jar:/home/daemonex/.m2/repository/org/junit/platform/junit-platform-commons/1.7.1/junit-platform-commons-1.7.1.jar:/home/daemonex/.m2/repository/org/junit/jupiter/junit-jupiter-engine/5.7.1/junit-jupiter-engine-5.7.1.jar:/home/daemonex/.m2/repository/org/junit/platform/junit-platform-engine/1.7.1/junit-platform-engine-1.7.1.jar:"/>
    <property name="java.vm.vendor" value="Oracle Corporation"/>
    <property name="sun.arch.data.model" value="64"/>
    <property name="java.vendor.url" value="https://java.oracle.com/"/>
    <property name="os.name" value="Linux"/>
    <property name="java.vm.specification.version" value="15"/>
    <property name="sun.java.launcher" value="SUN_STANDARD"/>
    <property name="user.country" value="US"/>
    <property name="sun.boot.library.path" value="/home/daemonex/.jdks/openjdk-15.0.2/lib"/>
    <property name="sun.java.command" value="/home/daemonex/Desktop/ing-sw-2021-Regge-Rossi-Rovelli/target/surefire/surefirebooter856304880288373596.jar /home/daemonex/Desktop/ing-sw-2021-Regge-Rossi-Rovelli/target/surefire 2021-07-04T18-24-03_107-jvmRun1 surefire3788971732875995787tmp surefire_013068836798585691122tmp"/>
    <property name="jdk.debug" value="release"/>
    <property name="surefire.test.class.path" value="/home/daemonex/Desktop/ing-sw-2021-Regge-Rossi-Rovelli/target/test-classes:/home/daemonex/Desktop/ing-sw-2021-Regge-Rossi-Rovelli/target/classes:/home/daemonex/.m2/repository/org/openjfx/javafx-controls/15.0.1/javafx-controls-15.0.1.jar:/home/daemonex/.m2/repository/org/openjfx/javafx-controls/15.0.1/javafx-controls-15.0.1-linux.jar:/home/daemonex/.m2/repository/org/openjfx/javafx-graphics/15.0.1/javafx-graphics-15.0.1.jar:/home/daemonex/.m2/repository/org/openjfx/javafx-graphics/15.0.1/javafx-graphics-15.0.1-linux.jar:/home/daemonex/.m2/repository/org/openjfx/javafx-base/15.0.1/javafx-base-15.0.1.jar:/home/daemonex/.m2/repository/org/openjfx/javafx-base/15.0.1/javafx-base-15.0.1-linux.jar:/home/daemonex/.m2/repository/org/openjfx/javafx-graphics/15.0.1/javafx-graphics-15.0.1-win.jar:/home/daemonex/.m2/repository/org/openjfx/javafx-graphics/15.0.1/javafx-graphics-15.0.1-mac.jar:/home/daemonex/.m2/repository/org/openjfx/javafx-fxml/15.0.1/javafx-fxml-15.0.1.jar:/home/daemonex/.m2/repository/org/openjfx/javafx-fxml/15.0.1/javafx-fxml-15.0.1-linux.jar:/home/daemonex/.m2/repository/com/google/code/gson/gson/2.8.6/gson-2.8.6.jar:/home/daemonex/.m2/repository/org/junit/jupiter/junit-jupiter-api/5.7.1/junit-jupiter-api-5.7.1.jar:/home/daemonex/.m2/repository/org/apiguardian/apiguardian-api/1.1.0/apiguardian-api-1.1.0.jar:/home/daemonex/.m2/repository/org/opentest4j/opentest4j/1.2.0/opentest4j-1.2.0.jar:/home/daemonex/.m2/repository/org/junit/platform/junit-platform-commons/1.7.1/junit-platform-commons-1.7.1.jar:/home/daemonex/.m2/repository/org/junit/jupiter/junit-jupiter-engine/5.7.1/junit-jupiter-engine-5.7.1.jar:/home/daemonex/.m2/repository/org/junit/platform/junit-platform-engine/1.7.1/junit-platform-engine-1.7.1.jar:"/>
    <property name="sun.cpu.endian" value="little"/>
    <property name="user.home" value="/home/daemonex"/>
    <property name="user.language" value="en"/>
    <property name="java.specification.vendor" value="Oracle Corporation"/>
    <property name="java.version.date" value="2021-01-19"/>
    <property name="java.home" value="/home/daemonex/.jdks/openjdk-15.0.2"/>
    <property name="file.separator" value="/"/>
    <property name="basedir" value="/home/daemonex/Desktop/ing-sw-2021-Regge-Rossi-Rovelli"/>
    <property name="java.vm.compressedOopsMode" value="Zero based"/>
    <property name="line.separator" value="&#10;"/>
    <property name="java.vm.specification.vendor" value="Oracle Corporation"/>
    <property name="java.specification.name" value="Java Platform API Specification"/>
    <property name="surefire.real.class.path" value="/home/daemonex/Desktop/ing-sw-2021-Regge-Rossi-Rovelli/target/surefire/surefirebooter856304880288373596.jar"/>
    <property name="sun.management.compiler" value="HotSpot 64-Bit Tiered Compilers"/>
    <property name="java.runtime.version" value="15.0.2+7-27"/>
    <property name="user.name" value="daemonex"/>
    <property name="path.separator" value=":"/>
    <property name="os.version" value="5.4.0-77-generic"/>
    <property name="java.runtime.name" value="OpenJDK Runtime Environment"/>
    <property name="file.encoding" value="UTF-8"/>
    <property name="java.vm.name" value="OpenJDK 64-Bit Server VM"/>
    <property name="localRepository" value="/home/daemonex/.m2/repository"/>
    <property name="java.vendor.url.bug" value="https://bugreport.java.com/bugreport/"/>
    <property name="java.io.tmpdir" value="/tmp"/>
    <property name="idea.version" value="2021.1.3"/>
    <property name="java.version" value="15.0.2"/>
    <property name="user.dir" value="/home/daemonex/Desktop/ing-sw-2021-Regge-Rossi-Rovelli"/>
    <property name="os.arch" value="amd64"/>
    <property name="java.vm.specification.name" value="Java Virtual Machine Specification"/>
    <property name="java.library.path" value="/usr/java/packages/lib:/usr/lib64:/lib64:/lib:/usr/lib"/>
    <property name="java.vm.info" value="mixed mode, sharing"/>
    <property name="java.vendor" value="Oracle Corporation"/>
    <property name="java.vm.version" value="15.0.2+7-27"/>
    <property name="sun.io.unicode.encoding" value="UnicodeLittle"/>
    <property name="java.class.version" value="59.0"/>
  </properties>
  <testcase name="turnTest[1]" classname="it.polimi.ingsw.controller.ComputerPlayerControllerTest" time="0.003"/>
  <testcase name="turnTest[2]" classname="it.polimi.ingsw.controller.ComputerPlayerControllerTest" time="0"/>
  <testcase name="turnTest[3]" classname="it.polimi.ingsw.controller.ComputerPlayerControllerTest" time="0"/>
  <testcase name="turnTest[4]" classname="it.polimi.ingsw.controller.ComputerPlayerControllerTest" time="0"/>
  <testcase name="turnTest[5]" classname="it.polimi.ingsw.controller.ComputerPlayerControllerTest" time="0"/>
  <testcase name="turnTest[6]" classname="it.polimi.ingsw.controller.ComputerPlayerControllerTest" time="0"/>
  <testcase name="turnTest[7]" classname="it.polimi.ingsw.controller.ComputerPlayerControllerTest" time="0"/>
  <testcase name="turnTest[8]" classname="it.polimi.ingsw.controller.ComputerPlayerControllerTest" time="0.001"/>
  <testcase name="turnTest[9]" classname="it.polimi.ingsw.controller.ComputerPlayerControllerTest" time="0"/>
  <testcase name="turnTest[10]" classname="it.polimi.ingsw.controller.ComputerPlayerControllerTest" time="0"/>
  <testcase name="turnTest[11]" classname="it.polimi.ingsw.controller.ComputerPlayerControllerTest" time="0"/>
  <testcase name="turnTest[12]" classname="it.polimi.ingsw.controller.ComputerPlayerControllerTest" time="0"/>
  <testcase name="turnTest[13]" classname="it.polimi.ingsw.controller.ComputerPlayerControllerTest" time="0"/>
  <testcase name="turnTest[14]" classname="it.polimi.ingsw.controller.ComputerPlayerControllerTest" time="0"/>
  <testcase name="turnTest[15]" classname="it.polimi.ingsw.controller.ComputerPlayerControllerTest" time="0.001"/>
  <testcase name="turnTest[16]" classname="it.polimi.ingsw.controller.ComputerPlayerControllerTest" time="0.001"/>
  <testcase name="turnTest[17]" classname="it.polimi.ingsw.controller.ComputerPlayerControllerTest" time="0.001"/>
  <testcase name="turnTest[18]" classname="it.polimi.ingsw.controller.ComputerPlayerControllerTest" time="0.001"/>
  <testcase name="turnTest[19]" classname="it.polimi.ingsw.controller.ComputerPlayerControllerTest" time="0"/>
  <testcase name="turnTest[20]" classname="it.polimi.ingsw.controller.ComputerPlayerControllerTest" time="0"/>
  <testcase name="turnTest[21]" classname="it.polimi.ingsw.controller.ComputerPlayerControllerTest" time="0"/>
  <testcase name="turnTest[22]" classname="it.polimi.ingsw.controller.ComputerPlayerControllerTest" time="0"/>
  <testcase name="turnTest[23]" classname="it.polimi.ingsw.controller.ComputerPlayerControllerTest" time="0"/>
  <testcase name="turnTest[24]" classname="it.polimi.ingsw.controller.ComputerPlayerControllerTest" time="0"/>
  <testcase name="turnTest[25]" classname="it.polimi.ingsw.controller.ComputerPlayerControllerTest" time="0"/>
  <testcase name="turnTest[26]" classname="it.polimi.ingsw.controller.ComputerPlayerControllerTest" time="0"/>
  <testcase name="turnTest[27]" classname="it.polimi.ingsw.controller.ComputerPlayerControllerTest" time="0"/>
  <testcase name="turnTest[28]" classname="it.polimi.ingsw.controller.ComputerPlayerControllerTest" time="0.001"/>
  <testcase name="turnTest[29]" classname="it.polimi.ingsw.controller.ComputerPlayerControllerTest" time="0"/>
  <testcase name="turnTest[30]" classname="it.polimi.ingsw.controller.ComputerPlayerControllerTest" time="0"/>
  <testcase name="turnTest[31]" classname="it.polimi.ingsw.controller.ComputerPlayerControllerTest" time="0"/>
  <testcase name="turnTest[32]" classname="it.polimi.ingsw.controller.ComputerPlayerControllerTest" time="0"/>
  <testcase name="turnTest[33]" classname="it.polimi.ingsw.controller.ComputerPlayerControllerTest" time="0"/>
  <testcase name="turnTest[34]" classname="it.polimi.ingsw.controller.ComputerPlayerControllerTest" time="0"/>
  <testcase name="turnTest[35]" classname="it.polimi.ingsw.controller.ComputerPlayerControllerTest" time="0.001"/>
  <testcase name="turnTest[36]" classname="it.polimi.ingsw.controller.ComputerPlayerControllerTest" time="0"/>
  <testcase name="turnTest[37]" classname="it.polimi.ingsw.controller.ComputerPlayerControllerTest" time="0"/>
  <testcase name="turnTest[38]" classname="it.polimi.ingsw.controller.ComputerPlayerControllerTest" time="0"/>
  <testcase name="turnTest[39]" classname="it.polimi.ingsw.controller.ComputerPlayerControllerTest" time="0"/>
  <testcase name="turnTest[40]" classname="it.polimi.ingsw.controller.ComputerPlayerControllerTest" time="0.001"/>
  <testcase name="turnTest[41]" classname="it.polimi.ingsw.controller.ComputerPlayerControllerTest" time="0"/>
  <testcase name="turnTest[42]" classname="it.polimi.ingsw.controller.ComputerPlayerControllerTest" time="0"/>
  <testcase name="turnTest[43]" classname="it.polimi.ingsw.controller.ComputerPlayerControllerTest" time="0.001"/>
  <testcase name="turnTest[44]" classname="it.polimi.ingsw.controller.ComputerPlayerControllerTest" time="0"/>
  <testcase name="turnTest[45]" classname="it.polimi.ingsw.controller.ComputerPlayerControllerTest" time="0"/>
  <testcase name="turnTest[46]" classname="it.polimi.ingsw.controller.ComputerPlayerControllerTest" time="0.001"/>
  <testcase name="turnTest[47]" classname="it.polimi.ingsw.controller.ComputerPlayerControllerTest" time="0"/>
  <testcase name="turnTest[48]" classname="it.polimi.ingsw.controller.ComputerPlayerControllerTest" time="0"/>
  <testcase name="turnTest[49]" classname="it.polimi.ingsw.controller.ComputerPlayerControllerTest" time="0"/>
  <testcase name="turnTest[50]" classname="it.polimi.ingsw.controller.ComputerPlayerControllerTest" time="0"/>
</testsuite>